0 info it worked if it ends with ok
1 verbose cli [ 'C:\\Program Files\\nodejs\\node.exe',
1 verbose cli   'C:\\Program Files\\nodejs\\node_modules\\npm\\bin\\npm-cli.js',
1 verbose cli   'start' ]
2 info using npm@4.0.5
3 info using node@v7.4.0
4 verbose run-script [ 'prestart', 'start', 'poststart' ]
5 info lifecycle redux-simple-starter@1.0.0~prestart: redux-simple-starter@1.0.0
6 silly lifecycle redux-simple-starter@1.0.0~prestart: no script for prestart, continuing
7 info lifecycle redux-simple-starter@1.0.0~start: redux-simple-starter@1.0.0
8 verbose lifecycle redux-simple-starter@1.0.0~start: unsafe-perm in lifecycle true
9 verbose lifecycle redux-simple-starter@1.0.0~start: PATH: C:\Program Files\nodejs\node_modules\npm\bin\node-gyp-bin;G:\lol\node_modules\.bin;C:\Windows\system32;C:\Windows;C:\Windows\System32\Wbem;C:\Windows\System32\WindowsPowerShell\v1.0\;C:\Program Files (x86)\NVIDIA Corporation\PhysX\Common;C:\Program Files (x86)\Skype\Phone\;C:\Program Files\nodejs\;C:\Users\Иоан\AppData\Local\Programs\Python\Python36-32\Scripts\;C:\Users\Иоан\AppData\Local\Programs\Python\Python36-32\;C:\Users\Иоан\AppData\Local\Microsoft\WindowsApps;C:\Users\Иоан\AppData\Roaming\npm
10 verbose lifecycle redux-simple-starter@1.0.0~start: CWD: G:\lol
11 silly lifecycle redux-simple-starter@1.0.0~start: Args: [ '/d /s /c',
11 silly lifecycle   'node ./node_modules/webpack-dev-server/bin/webpack-dev-server.js' ]
12 verbose stack Error: kill ENOSYS
12 verbose stack     at exports._errnoException (util.js:1022:11)
12 verbose stack     at process.kill (internal/process.js:173:13)
12 verbose stack     at process.listener (C:\Program Files\nodejs\node_modules\npm\node_modules\npmlog\node_modules\gauge\node_modules\signal-exit\index.js:86:15)
12 verbose stack     at emitNone (events.js:91:20)
12 verbose stack     at process.emit (events.js:185:7)
12 verbose stack     at processEmit (C:\Program Files\nodejs\node_modules\npm\node_modules\npmlog\node_modules\gauge\node_modules\signal-exit\index.js:146:32)
12 verbose stack     at processEmit (C:\Program Files\nodejs\node_modules\npm\node_modules\npm-registry-client\node_modules\npmlog\node_modules\gauge\node_modules\signal-exit\index.js:146:32)
12 verbose stack     at Signal.wrap.onsignal (internal/process.js:200:44)
13 verbose cwd G:\lol
14 error Windows_NT 10.0.14393
15 error argv "C:\\Program Files\\nodejs\\node.exe" "C:\\Program Files\\nodejs\\node_modules\\npm\\bin\\npm-cli.js" "start"
16 error node v7.4.0
17 error npm  v4.0.5
18 error code ENOSYS
19 error errno ENOSYS
20 error syscall kill
21 error kill ENOSYS
22 error If you need help, you may report this error at:
22 error     <https://github.com/npm/npm/issues>
23 verbose exit [ 1, true ]
